[INFO] Dog Connecting to database... 
[INFO] Dog Connecting with credentials 
[INFO] Dog Create table in given database... 
[INFO] Dog Create table in given database... 
[INFO] Dog Goodbye! 
[INFO] Dog Connecting to database... 
[INFO] Dog Connecting with credentials 
[INFO] Dog Index table in given database... 
[INFO] Dog Index table in given database... 
[INFO] Dog Goodbye! 
[INFO] Dog Connecting to database... 
[INFO] Dog Connecting with credentials 
[INFO] Dog Insert table in given database... 
[INFO] Dog Insert table in given database... 
[INFO] Dog Goodbye! 
[INFO] Dog Connecting to database... 
[INFO] Dog Connecting with credentials 
[INFO] Dog Create table in given database... 
[INFO] Dog Create table in given database... 
[INFO] Dog Goodbye! 
[INFO] Dog Connecting to database... 
[INFO] Dog Connecting with credentials 
[INFO] Dog Insert table in given database... 
[INFO] Dog Insert table in given database... 
[INFO] Dog Goodbye! 
[INFO] Dog Connecting to database... 
[INFO] Dog Connecting with credentials 
[INFO] Dog Create table in given database... 
[INFO] Dog Create table in given database... 
[INFO] Dog Goodbye! 
[INFO] Dog Connecting to database... 
[INFO] Dog Connecting with credentials 
[INFO] Dog Insert table in given database... 
[INFO] Dog Insert table in given database... 
[INFO] Dog Goodbye! 
[INFO] Dog Connecting to database... 
[INFO] Dog Connecting with credentials 
[INFO] Dog View table in given database... 
[INFO] Dog View table in given database... 
[INFO] Dog Goodbye! 
[INFO] Dog Connecting to database... 
[INFO] Dog Connecting with credentials 
[INFO] Dog View table in given database... 
[INFO] Dog View table in given database... 
[INFO] Dog Goodbye! 
[INFO] DBQuery Success connected to database. 
[INFO] DBQuery Success connected to database. 
[INFO] DBQuery Success connected to database. 
[INFO] DBQuery Success connected to database. 
[INFO] DBQuery Success connected to database. 
